<?xml version="1.0" encoding="UTF-8"?>
<!-- Generated by org.testng.reporters.JUnitReportReporter -->
<testsuite skipped="0" hostname="pc283287" name="jenkinmvnpkg.googlepage" tests="1" failures="0" timestamp="28 Mar 2017 11:49:07 GMT" time="10.685" errors="0">
  <testcase name="f" time="10.685" classname="jenkinmvnpkg.googlepage"/>
</testsuite> <!-- jenkinmvnpkg.googlepage -->
